<?xml version="1.0" encoding="UTF-8"?>
<coverage generated="1716864730591" clover="3.2.0">
  <project timestamp="1716864730592" name="All files">
    <metrics statements="167" coveredstatements="163" conditionals="36" coveredconditionals="31" methods="11" coveredmethods="11" elements="214" coveredelements="205" complexity="0" loc="167" ncloc="167" packages="4" files="12" classes="12"/>
    <package name="GradXpert-Final-Project-PatientCare-">
      <metrics statements="39" coveredstatements="35" conditionals="8" coveredconditionals="3" methods="2" coveredmethods="2"/>
      <file name="app.js" path="C:\Users\Achmad Fachreza Az\Desktop\Work\hacktiv8_gradexpert\GradXpert-Final-Project-PatientCare-\app.js">
        <metrics statements="22" coveredstatements="20" conditionals="4" coveredconditionals="1" methods="1" coveredmethods="1"/>
        <line num="1" count="5" type="stmt"/>
        <line num="2" count="5" type="stmt"/>
        <line num="3" count="5" type="stmt"/>
        <line num="4" count="5" type="stmt"/>
        <line num="5" count="5" type="stmt"/>
        <line num="6" count="5" type="stmt"/>
        <line num="7" count="5" type="stmt"/>
        <line num="8" count="5" type="stmt"/>
        <line num="9" count="5" type="stmt"/>
        <line num="11" count="5" type="stmt"/>
        <line num="13" count="5" type="stmt"/>
        <line num="14" count="5" type="stmt"/>
        <line num="15" count="5" type="stmt"/>
        <line num="18" count="12" type="stmt"/>
        <line num="19" count="12" type="stmt"/>
        <line num="20" count="11" type="stmt"/>
        <line num="22" count="1" type="stmt"/>
        <line num="26" count="5" type="stmt"/>
        <line num="28" count="5" type="stmt"/>
        <line num="33" count="5" type="cond" truecount="1" falsecount="1"/>
        <line num="34" count="0" type="cond" truecount="0" falsecount="2"/>
        <line num="35" count="0" type="stmt"/>
      </file>
      <file name="authmiddleware.js" path="C:\Users\Achmad Fachreza Az\Desktop\Work\hacktiv8_gradexpert\GradXpert-Final-Project-PatientCare-\authmiddleware.js">
        <metrics statements="14" coveredstatements="12" conditionals="4" coveredconditionals="2" methods="1" coveredmethods="1"/>
        <line num="1" count="5" type="stmt"/>
        <line num="3" count="5" type="stmt"/>
        <line num="4" count="13" type="stmt"/>
        <line num="6" count="13" type="cond" truecount="1" falsecount="1"/>
        <line num="8" count="0" type="stmt"/>
        <line num="11" count="13" type="stmt"/>
        <line num="12" count="13" type="cond" truecount="1" falsecount="1"/>
        <line num="13" count="0" type="stmt"/>
        <line num="16" count="13" type="stmt"/>
        <line num="17" count="13" type="stmt"/>
        <line num="18" count="10" type="stmt"/>
        <line num="19" count="10" type="stmt"/>
        <line num="22" count="3" type="stmt"/>
        <line num="25" count="5" type="stmt"/>
      </file>
      <file name="seq.js" path="C:\Users\Achmad Fachreza Az\Desktop\Work\hacktiv8_gradexpert\GradXpert-Final-Project-PatientCare-\seq.js">
        <metrics statements="3" coveredstatements="3" conditionals="0" coveredconditionals="0" methods="0" coveredmethods="0"/>
        <line num="1" count="5" type="stmt"/>
        <line num="3" count="5" type="stmt"/>
        <line num="7" count="5" type="stmt"/>
      </file>
    </package>
    <package name="GradXpert-Final-Project-PatientCare-.controllers">
      <metrics statements="95" coveredstatements="95" conditionals="26" coveredconditionals="26" methods="8" coveredmethods="8"/>
      <file name="appointments.js" path="C:\Users\Achmad Fachreza Az\Desktop\Work\hacktiv8_gradexpert\GradXpert-Final-Project-PatientCare-\controllers\appointments.js">
        <metrics statements="38" coveredstatements="38" conditionals="8" coveredconditionals="8" methods="4" coveredmethods="4"/>
        <line num="1" count="5" type="stmt"/>
        <line num="3" count="5" type="stmt"/>
        <line num="4" count="4" type="stmt"/>
        <line num="5" count="4" type="stmt"/>
        <line num="6" count="4" type="stmt"/>
        <line num="12" count="1" type="stmt"/>
        <line num="19" count="3" type="cond" truecount="2" falsecount="0"/>
        <line num="20" count="2" type="stmt"/>
        <line num="22" count="1" type="stmt"/>
        <line num="27" count="5" type="stmt"/>
        <line num="28" count="3" type="stmt"/>
        <line num="29" count="3" type="stmt"/>
        <line num="30" count="3" type="stmt"/>
        <line num="31" count="2" type="cond" truecount="2" falsecount="0"/>
        <line num="33" count="1" type="stmt"/>
        <line num="35" count="1" type="stmt"/>
        <line num="38" count="1" type="stmt"/>
        <line num="42" count="5" type="stmt"/>
        <line num="43" count="3" type="stmt"/>
        <line num="44" count="3" type="stmt"/>
        <line num="45" count="3" type="stmt"/>
        <line num="46" count="2" type="cond" truecount="2" falsecount="0"/>
        <line num="47" count="1" type="stmt"/>
        <line num="49" count="1" type="stmt"/>
        <line num="50" count="1" type="stmt"/>
        <line num="52" count="1" type="stmt"/>
        <line num="53" count="1" type="stmt"/>
        <line num="57" count="5" type="stmt"/>
        <line num="58" count="3" type="stmt"/>
        <line num="59" count="3" type="stmt"/>
        <line num="60" count="3" type="stmt"/>
        <line num="61" count="2" type="cond" truecount="2" falsecount="0"/>
        <line num="62" count="1" type="stmt"/>
        <line num="64" count="1" type="stmt"/>
        <line num="65" count="1" type="stmt"/>
        <line num="72" count="1" type="stmt"/>
        <line num="77" count="1" type="stmt"/>
        <line num="78" count="1" type="stmt"/>
      </file>
      <file name="doctors.js" path="C:\Users\Achmad Fachreza Az\Desktop\Work\hacktiv8_gradexpert\GradXpert-Final-Project-PatientCare-\controllers\doctors.js">
        <metrics statements="29" coveredstatements="29" conditionals="12" coveredconditionals="12" methods="2" coveredmethods="2"/>
        <line num="1" count="5" type="stmt"/>
        <line num="2" count="5" type="stmt"/>
        <line num="6" count="5" type="stmt"/>
        <line num="7" count="5" type="stmt"/>
        <line num="8" count="5" type="cond" truecount="2" falsecount="0"/>
        <line num="9" count="5" type="cond" truecount="2" falsecount="0"/>
        <line num="10" count="5" type="stmt"/>
        <line num="12" count="5" type="stmt"/>
        <line num="13" count="5" type="cond" truecount="2" falsecount="0"/>
        <line num="14" count="1" type="stmt"/>
        <line num="17" count="5" type="stmt"/>
        <line num="18" count="5" type="cond" truecount="2" falsecount="0"/>
        <line num="19" count="1" type="stmt"/>
        <line num="21" count="5" type="cond" truecount="2" falsecount="0"/>
        <line num="22" count="1" type="stmt"/>
        <line num="25" count="5" type="stmt"/>
        <line num="32" count="4" type="stmt"/>
        <line num="34" count="4" type="stmt"/>
        <line num="40" count="4" type="stmt"/>
        <line num="42" count="1" type="stmt"/>
        <line num="43" count="1" type="stmt"/>
        <line num="47" count="5" type="stmt"/>
        <line num="48" count="3" type="stmt"/>
        <line num="49" count="3" type="stmt"/>
        <line num="50" count="3" type="stmt"/>
        <line num="51" count="2" type="cond" truecount="2" falsecount="0"/>
        <line num="52" count="1" type="stmt"/>
        <line num="54" count="1" type="stmt"/>
        <line num="56" count="1" type="stmt"/>
      </file>
      <file name="users.js" path="C:\Users\Achmad Fachreza Az\Desktop\Work\hacktiv8_gradexpert\GradXpert-Final-Project-PatientCare-\controllers\users.js">
        <metrics statements="28" coveredstatements="28" conditionals="6" coveredconditionals="6" methods="2" coveredmethods="2"/>
        <line num="1" count="5" type="stmt"/>
        <line num="2" count="5" type="stmt"/>
        <line num="3" count="5" type="stmt"/>
        <line num="4" count="5" type="stmt"/>
        <line num="6" count="5" type="stmt"/>
        <line num="7" count="3" type="stmt"/>
        <line num="8" count="3" type="stmt"/>
        <line num="10" count="3" type="stmt"/>
        <line num="11" count="2" type="cond" truecount="2" falsecount="0"/>
        <line num="12" count="1" type="stmt"/>
        <line num="15" count="1" type="stmt"/>
        <line num="16" count="1" type="stmt"/>
        <line num="18" count="1" type="stmt"/>
        <line num="25" count="1" type="stmt"/>
        <line num="31" count="1" type="stmt"/>
        <line num="35" count="5" type="stmt"/>
        <line num="36" count="4" type="stmt"/>
        <line num="37" count="4" type="stmt"/>
        <line num="39" count="4" type="stmt"/>
        <line num="48" count="3" type="cond" truecount="2" falsecount="0"/>
        <line num="49" count="1" type="stmt"/>
        <line num="52" count="2" type="stmt"/>
        <line num="53" count="2" type="cond" truecount="2" falsecount="0"/>
        <line num="54" count="1" type="stmt"/>
        <line num="58" count="1" type="stmt"/>
        <line num="62" count="1" type="stmt"/>
        <line num="64" count="1" type="stmt"/>
        <line num="65" count="1" type="stmt"/>
      </file>
    </package>
    <package name="GradXpert-Final-Project-PatientCare-.models">
      <metrics statements="14" coveredstatements="14" conditionals="2" coveredconditionals="2" methods="1" coveredmethods="1"/>
      <file name="appointments.js" path="C:\Users\Achmad Fachreza Az\Desktop\Work\hacktiv8_gradexpert\GradXpert-Final-Project-PatientCare-\models\appointments.js">
        <metrics statements="6" coveredstatements="6" conditionals="2" coveredconditionals="2" methods="1" coveredmethods="1"/>
        <line num="1" count="5" type="stmt"/>
        <line num="2" count="5" type="stmt"/>
        <line num="4" count="5" type="stmt"/>
        <line num="29" count="4" type="cond" truecount="2" falsecount="0"/>
        <line num="30" count="1" type="stmt"/>
        <line num="38" count="5" type="stmt"/>
      </file>
      <file name="doctors.js" path="C:\Users\Achmad Fachreza Az\Desktop\Work\hacktiv8_gradexpert\GradXpert-Final-Project-PatientCare-\models\doctors.js">
        <metrics statements="4" coveredstatements="4" conditionals="0" coveredconditionals="0" methods="0" coveredmethods="0"/>
        <line num="1" count="5" type="stmt"/>
        <line num="2" count="5" type="stmt"/>
        <line num="4" count="5" type="stmt"/>
        <line num="62" count="5" type="stmt"/>
      </file>
      <file name="users.js" path="C:\Users\Achmad Fachreza Az\Desktop\Work\hacktiv8_gradexpert\GradXpert-Final-Project-PatientCare-\models\users.js">
        <metrics statements="4" coveredstatements="4" conditionals="0" coveredconditionals="0" methods="0" coveredmethods="0"/>
        <line num="1" count="5" type="stmt"/>
        <line num="2" count="5" type="stmt"/>
        <line num="4" count="5" type="stmt"/>
        <line num="41" count="5" type="stmt"/>
      </file>
    </package>
    <package name="GradXpert-Final-Project-PatientCare-.routes">
      <metrics statements="19" coveredstatements="19" conditionals="0" coveredconditionals="0" methods="0" coveredmethods="0"/>
      <file name="appointments.js" path="C:\Users\Achmad Fachreza Az\Desktop\Work\hacktiv8_gradexpert\GradXpert-Final-Project-PatientCare-\routes\appointments.js">
        <metrics statements="7" coveredstatements="7" conditionals="0" coveredconditionals="0" methods="0" coveredmethods="0"/>
        <line num="1" count="5" type="stmt"/>
        <line num="2" count="5" type="stmt"/>
        <line num="3" count="5" type="stmt"/>
        <line num="4" count="5" type="stmt"/>
        <line num="6" count="5" type="stmt"/>
        <line num="7" count="5" type="stmt"/>
        <line num="10" count="5" type="stmt"/>
      </file>
      <file name="doctors.js" path="C:\Users\Achmad Fachreza Az\Desktop\Work\hacktiv8_gradexpert\GradXpert-Final-Project-PatientCare-\routes\doctors.js">
        <metrics statements="6" coveredstatements="6" conditionals="0" coveredconditionals="0" methods="0" coveredmethods="0"/>
        <line num="1" count="5" type="stmt"/>
        <line num="2" count="5" type="stmt"/>
        <line num="3" count="5" type="stmt"/>
        <line num="5" count="5" type="stmt"/>
        <line num="6" count="5" type="stmt"/>
        <line num="8" count="5" type="stmt"/>
      </file>
      <file name="users.js" path="C:\Users\Achmad Fachreza Az\Desktop\Work\hacktiv8_gradexpert\GradXpert-Final-Project-PatientCare-\routes\users.js">
        <metrics statements="6" coveredstatements="6" conditionals="0" coveredconditionals="0" methods="0" coveredmethods="0"/>
        <line num="1" count="5" type="stmt"/>
        <line num="2" count="5" type="stmt"/>
        <line num="3" count="5" type="stmt"/>
        <line num="5" count="5" type="stmt"/>
        <line num="6" count="5" type="stmt"/>
        <line num="8" count="5" type="stmt"/>
      </file>
    </package>
  </project>
</coverage>
