{"C:\\Users\\Achmad Fachreza Az\\Desktop\\Work\\hacktiv8_gradexpert\\Final_PatientCare2\\app.js": {"path":"C:\\Users\\Achmad Fachreza Az\\Desktop\\Work\\hacktiv8_gradexpert\\Final_PatientCare2\\app.js","statementMap":{"0":{"start":{"line":1,"column":16},"end":{"line":1,"column":34}},"1":{"start":{"line":2,"column":12},"end":{"line":2,"column":21}},"2":{"start":{"line":3,"column":13},"end":{"line":3,"column":28}},"3":{"start":{"line":4,"column":18},"end":{"line":4,"column":34}},"4":{"start":{"line":5,"column":21},"end":{"line":5,"column":48}},"5":{"start":{"line":6,"column":19},"end":{"line":6,"column":44}},"6":{"start":{"line":7,"column":26},"end":{"line":7,"column":58}},"7":{"start":{"line":8,"column":15},"end":{"line":8,"column":32}},"8":{"start":{"line":9,"column":0},"end":{"line":9,"column":16}},"9":{"start":{"line":11,"column":0},"end":{"line":11,"column":24}},"10":{"start":{"line":13,"column":0},"end":{"line":13,"column":38}},"11":{"start":{"line":14,"column":0},"end":{"line":14,"column":33}},"12":{"start":{"line":15,"column":0},"end":{"line":15,"column":47}},"13":{"start":{"line":18,"column":4},"end":{"line":23,"column":5}},"14":{"start":{"line":19,"column":6},"end":{"line":19,"column":45}},"15":{"start":{"line":20,"column":6},"end":{"line":20,"column":50}},"16":{"start":{"line":22,"column":6},"end":{"line":22,"column":54}},"17":{"start":{"line":26,"column":0},"end":{"line":26,"column":15}},"18":{"start":{"line":28,"column":0},"end":{"line":31,"column":2}},"19":{"start":{"line":33,"column":0},"end":{"line":36,"column":1}},"20":{"start":{"line":34,"column":15},"end":{"line":34,"column":39}},"21":{"start":{"line":35,"column":2},"end":{"line":35,"column":74}}},"fnMap":{"0":{"name":"syncDatabase","decl":{"start":{"line":17,"column":15},"end":{"line":17,"column":27}},"loc":{"start":{"line":17,"column":30},"end":{"line":24,"column":3}},"line":17}},"branchMap":{"0":{"loc":{"start":{"line":33,"column":0},"end":{"line":36,"column":1}},"type":"if","locations":[{"start":{"line":33,"column":0},"end":{"line":36,"column":1}},{"start":{},"end":{}}],"line":33},"1":{"loc":{"start":{"line":34,"column":15},"end":{"line":34,"column":39}},"type":"binary-expr","locations":[{"start":{"line":34,"column":15},"end":{"line":34,"column":31}},{"start":{"line":34,"column":35},"end":{"line":34,"column":39}}],"line":34}},"s":{"0":1,"1":1,"2":1,"3":1,"4":1,"5":1,"6":1,"7":1,"8":1,"9":1,"10":1,"11":1,"12":1,"13":2,"14":2,"15":2,"16":0,"17":1,"18":1,"19":1,"20":0,"21":0},"f":{"0":2},"b":{"0":[0,1],"1":[0,0]},"_coverageSchema":"1a1c01bbd47fc00a2c39e90264f33305004495a9","hash":"31ce48da30af587fe3732d5efda836a2d3779f38"}
,"C:\\Users\\Achmad Fachreza Az\\Desktop\\Work\\hacktiv8_gradexpert\\Final_PatientCare2\\authmiddleware.js": {"path":"C:\\Users\\Achmad Fachreza Az\\Desktop\\Work\\hacktiv8_gradexpert\\Final_PatientCare2\\authmiddleware.js","statementMap":{"0":{"start":{"line":1,"column":12},"end":{"line":1,"column":35}},"1":{"start":{"line":3,"column":22},"end":{"line":24,"column":3}},"2":{"start":{"line":4,"column":23},"end":{"line":4,"column":48}},"3":{"start":{"line":6,"column":4},"end":{"line":9,"column":5}},"4":{"start":{"line":8,"column":6},"end":{"line":8,"column":80}},"5":{"start":{"line":11,"column":26},"end":{"line":11,"column":47}},"6":{"start":{"line":12,"column":4},"end":{"line":14,"column":5}},"7":{"start":{"line":13,"column":6},"end":{"line":13,"column":67}},"8":{"start":{"line":16,"column":4},"end":{"line":23,"column":5}},"9":{"start":{"line":17,"column":27},"end":{"line":17,"column":68}},"10":{"start":{"line":18,"column":6},"end":{"line":18,"column":39}},"11":{"start":{"line":19,"column":6},"end":{"line":19,"column":13}},"12":{"start":{"line":22,"column":6},"end":{"line":22,"column":73}},"13":{"start":{"line":25,"column":0},"end":{"line":25,"column":35}}},"fnMap":{"0":{"name":"(anonymous_0)","decl":{"start":{"line":3,"column":22},"end":{"line":3,"column":23}},"loc":{"start":{"line":3,"column":42},"end":{"line":24,"column":3}},"line":3}},"branchMap":{"0":{"loc":{"start":{"line":6,"column":4},"end":{"line":9,"column":5}},"type":"if","locations":[{"start":{"line":6,"column":4},"end":{"line":9,"column":5}},{"start":{},"end":{}}],"line":6},"1":{"loc":{"start":{"line":12,"column":4},"end":{"line":14,"column":5}},"type":"if","locations":[{"start":{"line":12,"column":4},"end":{"line":14,"column":5}},{"start":{},"end":{}}],"line":12}},"s":{"0":1,"1":1,"2":12,"3":12,"4":0,"5":12,"6":12,"7":0,"8":12,"9":12,"10":9,"11":9,"12":3,"13":1},"f":{"0":12},"b":{"0":[0,12],"1":[0,12]},"_coverageSchema":"1a1c01bbd47fc00a2c39e90264f33305004495a9","hash":"033845ebb800720d715f7734c8e03ca51e178ffe"}
,"C:\\Users\\Achmad Fachreza Az\\Desktop\\Work\\hacktiv8_gradexpert\\Final_PatientCare2\\seq.js": {"path":"C:\\Users\\Achmad Fachreza Az\\Desktop\\Work\\hacktiv8_gradexpert\\Final_PatientCare2\\seq.js","statementMap":{"0":{"start":{"line":1,"column":22},"end":{"line":1,"column":42}},"1":{"start":{"line":3,"column":18},"end":{"line":5,"column":2}},"2":{"start":{"line":7,"column":0},"end":{"line":7,"column":27}}},"fnMap":{},"branchMap":{},"s":{"0":1,"1":1,"2":1},"f":{},"b":{},"_coverageSchema":"1a1c01bbd47fc00a2c39e90264f33305004495a9","hash":"dfa8ab4a57687c1f5cf70753a703b14caf654199"}
,"C:\\Users\\Achmad Fachreza Az\\Desktop\\Work\\hacktiv8_gradexpert\\Final_PatientCare2\\controllers\\appointments.js": {"path":"C:\\Users\\Achmad Fachreza Az\\Desktop\\Work\\hacktiv8_gradexpert\\Final_PatientCare2\\controllers\\appointments.js","statementMap":{"0":{"start":{"line":1,"column":20},"end":{"line":1,"column":53}},"1":{"start":{"line":3,"column":0},"end":{"line":25,"column":2}},"2":{"start":{"line":4,"column":4},"end":{"line":24,"column":5}},"3":{"start":{"line":5,"column":56},"end":{"line":5,"column":64}},"4":{"start":{"line":6,"column":35},"end":{"line":11,"column":10}},"5":{"start":{"line":12,"column":8},"end":{"line":15,"column":17}},"6":{"start":{"line":19,"column":8},"end":{"line":23,"column":9}},"7":{"start":{"line":20,"column":12},"end":{"line":20,"column":66}},"8":{"start":{"line":22,"column":12},"end":{"line":22,"column":76}},"9":{"start":{"line":27,"column":0},"end":{"line":40,"column":2}},"10":{"start":{"line":28,"column":4},"end":{"line":39,"column":5}},"11":{"start":{"line":29,"column":23},"end":{"line":29,"column":33}},"12":{"start":{"line":30,"column":28},"end":{"line":30,"column":58}},"13":{"start":{"line":31,"column":8},"end":{"line":34,"column":9}},"14":{"start":{"line":33,"column":12},"end":{"line":33,"column":76}},"15":{"start":{"line":35,"column":8},"end":{"line":35,"column":46}},"16":{"start":{"line":38,"column":8},"end":{"line":38,"column":65}},"17":{"start":{"line":42,"column":0},"end":{"line":55,"column":2}},"18":{"start":{"line":43,"column":4},"end":{"line":54,"column":5}},"19":{"start":{"line":44,"column":23},"end":{"line":44,"column":33}},"20":{"start":{"line":45,"column":28},"end":{"line":45,"column":58}},"21":{"start":{"line":46,"column":8},"end":{"line":48,"column":9}},"22":{"start":{"line":47,"column":12},"end":{"line":47,"column":76}},"23":{"start":{"line":49,"column":8},"end":{"line":49,"column":36}},"24":{"start":{"line":50,"column":8},"end":{"line":50,"column":85}},"25":{"start":{"line":52,"column":8},"end":{"line":52,"column":35}},"26":{"start":{"line":53,"column":8},"end":{"line":53,"column":65}},"27":{"start":{"line":57,"column":0},"end":{"line":80,"column":2}},"28":{"start":{"line":58,"column":4},"end":{"line":79,"column":5}},"29":{"start":{"line":59,"column":23},"end":{"line":59,"column":33}},"30":{"start":{"line":60,"column":28},"end":{"line":60,"column":58}},"31":{"start":{"line":61,"column":8},"end":{"line":71,"column":9}},"32":{"start":{"line":62,"column":12},"end":{"line":62,"column":73}},"33":{"start":{"line":64,"column":60},"end":{"line":64,"column":68}},"34":{"start":{"line":65,"column":12},"end":{"line":70,"column":11}},"35":{"start":{"line":72,"column":8},"end":{"line":75,"column":10}},"36":{"start":{"line":77,"column":8},"end":{"line":77,"column":35}},"37":{"start":{"line":78,"column":8},"end":{"line":78,"column":65}}},"fnMap":{"0":{"name":"(anonymous_0)","decl":{"start":{"line":3,"column":28},"end":{"line":3,"column":29}},"loc":{"start":{"line":3,"column":48},"end":{"line":25,"column":1}},"line":3},"1":{"name":"(anonymous_1)","decl":{"start":{"line":27,"column":29},"end":{"line":27,"column":30}},"loc":{"start":{"line":27,"column":49},"end":{"line":40,"column":1}},"line":27},"2":{"name":"(anonymous_2)","decl":{"start":{"line":42,"column":32},"end":{"line":42,"column":33}},"loc":{"start":{"line":42,"column":52},"end":{"line":55,"column":1}},"line":42},"3":{"name":"(anonymous_3)","decl":{"start":{"line":57,"column":28},"end":{"line":57,"column":29}},"loc":{"start":{"line":57,"column":48},"end":{"line":80,"column":1}},"line":57}},"branchMap":{"0":{"loc":{"start":{"line":19,"column":8},"end":{"line":23,"column":9}},"type":"if","locations":[{"start":{"line":19,"column":8},"end":{"line":23,"column":9}},{"start":{"line":21,"column":15},"end":{"line":23,"column":9}}],"line":19},"1":{"loc":{"start":{"line":31,"column":8},"end":{"line":34,"column":9}},"type":"if","locations":[{"start":{"line":31,"column":8},"end":{"line":34,"column":9}},{"start":{},"end":{}}],"line":31},"2":{"loc":{"start":{"line":46,"column":8},"end":{"line":48,"column":9}},"type":"if","locations":[{"start":{"line":46,"column":8},"end":{"line":48,"column":9}},{"start":{},"end":{}}],"line":46},"3":{"loc":{"start":{"line":61,"column":8},"end":{"line":71,"column":9}},"type":"if","locations":[{"start":{"line":61,"column":8},"end":{"line":71,"column":9}},{"start":{"line":63,"column":15},"end":{"line":71,"column":9}}],"line":61}},"s":{"0":1,"1":1,"2":3,"3":3,"4":3,"5":1,"6":2,"7":1,"8":1,"9":1,"10":3,"11":3,"12":3,"13":2,"14":1,"15":1,"16":1,"17":1,"18":3,"19":3,"20":3,"21":2,"22":1,"23":1,"24":1,"25":1,"26":1,"27":1,"28":3,"29":3,"30":3,"31":2,"32":1,"33":1,"34":1,"35":1,"36":1,"37":1},"f":{"0":3,"1":3,"2":3,"3":3},"b":{"0":[1,1],"1":[1,1],"2":[1,1],"3":[1,1]},"_coverageSchema":"1a1c01bbd47fc00a2c39e90264f33305004495a9","hash":"94ba15643d0260220b0ee3646c9f8ede83c72e3b"}
,"C:\\Users\\Achmad Fachreza Az\\Desktop\\Work\\hacktiv8_gradexpert\\Final_PatientCare2\\controllers\\doctors.js": {"path":"C:\\Users\\Achmad Fachreza Az\\Desktop\\Work\\hacktiv8_gradexpert\\Final_PatientCare2\\controllers\\doctors.js","statementMap":{"0":{"start":{"line":1,"column":15},"end":{"line":1,"column":43}},"1":{"start":{"line":2,"column":15},"end":{"line":2,"column":35}},"2":{"start":{"line":6,"column":0},"end":{"line":45,"column":2}},"3":{"start":{"line":7,"column":2},"end":{"line":44,"column":3}},"4":{"start":{"line":8,"column":17},"end":{"line":8,"column":46}},"5":{"start":{"line":9,"column":18},"end":{"line":9,"column":48}},"6":{"start":{"line":10,"column":19},"end":{"line":10,"column":37}},"7":{"start":{"line":12,"column":20},"end":{"line":12,"column":22}},"8":{"start":{"line":13,"column":4},"end":{"line":15,"column":5}},"9":{"start":{"line":14,"column":6},"end":{"line":14,"column":38}},"10":{"start":{"line":17,"column":22},"end":{"line":17,"column":24}},"11":{"start":{"line":18,"column":4},"end":{"line":20,"column":5}},"12":{"start":{"line":19,"column":6},"end":{"line":19,"column":63}},"13":{"start":{"line":21,"column":4},"end":{"line":23,"column":5}},"14":{"start":{"line":22,"column":6},"end":{"line":22,"column":75}},"15":{"start":{"line":25,"column":37},"end":{"line":30,"column":6}},"16":{"start":{"line":32,"column":23},"end":{"line":32,"column":47}},"17":{"start":{"line":34,"column":23},"end":{"line":38,"column":5}},"18":{"start":{"line":40,"column":4},"end":{"line":40,"column":50}},"19":{"start":{"line":42,"column":4},"end":{"line":42,"column":56}},"20":{"start":{"line":43,"column":4},"end":{"line":43,"column":61}},"21":{"start":{"line":47,"column":0},"end":{"line":58,"column":2}},"22":{"start":{"line":48,"column":2},"end":{"line":57,"column":3}},"23":{"start":{"line":49,"column":21},"end":{"line":49,"column":34}},"24":{"start":{"line":50,"column":19},"end":{"line":50,"column":50}},"25":{"start":{"line":51,"column":4},"end":{"line":53,"column":5}},"26":{"start":{"line":52,"column":6},"end":{"line":52,"column":65}},"27":{"start":{"line":54,"column":4},"end":{"line":54,"column":33}},"28":{"start":{"line":56,"column":4},"end":{"line":56,"column":61}}},"fnMap":{"0":{"name":"(anonymous_0)","decl":{"start":{"line":6,"column":24},"end":{"line":6,"column":25}},"loc":{"start":{"line":6,"column":44},"end":{"line":45,"column":1}},"line":6},"1":{"name":"(anonymous_1)","decl":{"start":{"line":47,"column":24},"end":{"line":47,"column":25}},"loc":{"start":{"line":47,"column":44},"end":{"line":58,"column":1}},"line":47}},"branchMap":{"0":{"loc":{"start":{"line":8,"column":17},"end":{"line":8,"column":46}},"type":"binary-expr","locations":[{"start":{"line":8,"column":17},"end":{"line":8,"column":41}},{"start":{"line":8,"column":45},"end":{"line":8,"column":46}}],"line":8},"1":{"loc":{"start":{"line":9,"column":18},"end":{"line":9,"column":48}},"type":"binary-expr","locations":[{"start":{"line":9,"column":18},"end":{"line":9,"column":43}},{"start":{"line":9,"column":47},"end":{"line":9,"column":48}}],"line":9},"2":{"loc":{"start":{"line":13,"column":4},"end":{"line":15,"column":5}},"type":"if","locations":[{"start":{"line":13,"column":4},"end":{"line":15,"column":5}},{"start":{},"end":{}}],"line":13},"3":{"loc":{"start":{"line":18,"column":4},"end":{"line":20,"column":5}},"type":"if","locations":[{"start":{"line":18,"column":4},"end":{"line":20,"column":5}},{"start":{},"end":{}}],"line":18},"4":{"loc":{"start":{"line":21,"column":4},"end":{"line":23,"column":5}},"type":"if","locations":[{"start":{"line":21,"column":4},"end":{"line":23,"column":5}},{"start":{},"end":{}}],"line":21},"5":{"loc":{"start":{"line":51,"column":4},"end":{"line":53,"column":5}},"type":"if","locations":[{"start":{"line":51,"column":4},"end":{"line":53,"column":5}},{"start":{},"end":{}}],"line":51}},"s":{"0":1,"1":1,"2":1,"3":0,"4":0,"5":0,"6":0,"7":0,"8":0,"9":0,"10":0,"11":0,"12":0,"13":0,"14":0,"15":0,"16":0,"17":0,"18":0,"19":0,"20":0,"21":1,"22":0,"23":0,"24":0,"25":0,"26":0,"27":0,"28":0},"f":{"0":0,"1":0},"b":{"0":[0,0],"1":[0,0],"2":[0,0],"3":[0,0],"4":[0,0],"5":[0,0]},"_coverageSchema":"1a1c01bbd47fc00a2c39e90264f33305004495a9","hash":"835e25275cbef24b9809a1b772b6b8c974cc9f63"}
,"C:\\Users\\Achmad Fachreza Az\\Desktop\\Work\\hacktiv8_gradexpert\\Final_PatientCare2\\controllers\\users.js": {"path":"C:\\Users\\Achmad Fachreza Az\\Desktop\\Work\\hacktiv8_gradexpert\\Final_PatientCare2\\controllers\\users.js","statementMap":{"0":{"start":{"line":1,"column":13},"end":{"line":1,"column":39}},"1":{"start":{"line":2,"column":15},"end":{"line":2,"column":35}},"2":{"start":{"line":3,"column":15},"end":{"line":3,"column":32}},"3":{"start":{"line":4,"column":12},"end":{"line":4,"column":35}},"4":{"start":{"line":6,"column":0},"end":{"line":32,"column":2}},"5":{"start":{"line":7,"column":2},"end":{"line":31,"column":3}},"6":{"start":{"line":8,"column":55},"end":{"line":8,"column":63}},"7":{"start":{"line":10,"column":25},"end":{"line":10,"column":65}},"8":{"start":{"line":11,"column":4},"end":{"line":13,"column":5}},"9":{"start":{"line":12,"column":6},"end":{"line":12,"column":69}},"10":{"start":{"line":15,"column":27},"end":{"line":15,"column":58}},"11":{"start":{"line":17,"column":20},"end":{"line":22,"column":6}},"12":{"start":{"line":24,"column":4},"end":{"line":27,"column":7}},"13":{"start":{"line":29,"column":4},"end":{"line":29,"column":23}},"14":{"start":{"line":30,"column":4},"end":{"line":30,"column":61}},"15":{"start":{"line":34,"column":0},"end":{"line":66,"column":2}},"16":{"start":{"line":35,"column":2},"end":{"line":65,"column":3}},"17":{"start":{"line":36,"column":42},"end":{"line":36,"column":50}},"18":{"start":{"line":38,"column":17},"end":{"line":45,"column":6}},"19":{"start":{"line":47,"column":4},"end":{"line":49,"column":5}},"20":{"start":{"line":48,"column":6},"end":{"line":48,"column":63}},"21":{"start":{"line":51,"column":28},"end":{"line":51,"column":73}},"22":{"start":{"line":52,"column":4},"end":{"line":54,"column":5}},"23":{"start":{"line":53,"column":6},"end":{"line":53,"column":65}},"24":{"start":{"line":57,"column":18},"end":{"line":59,"column":6}},"25":{"start":{"line":61,"column":4},"end":{"line":61,"column":36}},"26":{"start":{"line":64,"column":4},"end":{"line":64,"column":61}}},"fnMap":{"0":{"name":"(anonymous_0)","decl":{"start":{"line":6,"column":19},"end":{"line":6,"column":20}},"loc":{"start":{"line":6,"column":39},"end":{"line":32,"column":1}},"line":6},"1":{"name":"(anonymous_1)","decl":{"start":{"line":34,"column":16},"end":{"line":34,"column":17}},"loc":{"start":{"line":34,"column":36},"end":{"line":66,"column":1}},"line":34}},"branchMap":{"0":{"loc":{"start":{"line":11,"column":4},"end":{"line":13,"column":5}},"type":"if","locations":[{"start":{"line":11,"column":4},"end":{"line":13,"column":5}},{"start":{},"end":{}}],"line":11},"1":{"loc":{"start":{"line":47,"column":4},"end":{"line":49,"column":5}},"type":"if","locations":[{"start":{"line":47,"column":4},"end":{"line":49,"column":5}},{"start":{},"end":{}}],"line":47},"2":{"loc":{"start":{"line":52,"column":4},"end":{"line":54,"column":5}},"type":"if","locations":[{"start":{"line":52,"column":4},"end":{"line":54,"column":5}},{"start":{},"end":{}}],"line":52}},"s":{"0":1,"1":1,"2":1,"3":1,"4":1,"5":0,"6":0,"7":0,"8":0,"9":0,"10":0,"11":0,"12":0,"13":0,"14":0,"15":1,"16":0,"17":0,"18":0,"19":0,"20":0,"21":0,"22":0,"23":0,"24":0,"25":0,"26":0},"f":{"0":0,"1":0},"b":{"0":[0,0],"1":[0,0],"2":[0,0]},"_coverageSchema":"1a1c01bbd47fc00a2c39e90264f33305004495a9","hash":"4b720fc2c87f42561f002897955a620c4dd4cee7"}
,"C:\\Users\\Achmad Fachreza Az\\Desktop\\Work\\hacktiv8_gradexpert\\Final_PatientCare2\\models\\appointments.js": {"path":"C:\\Users\\Achmad Fachreza Az\\Desktop\\Work\\hacktiv8_gradexpert\\Final_PatientCare2\\models\\appointments.js","statementMap":{"0":{"start":{"line":1,"column":22},"end":{"line":1,"column":42}},"1":{"start":{"line":2,"column":18},"end":{"line":2,"column":35}},"2":{"start":{"line":4,"column":20},"end":{"line":36,"column":2}},"3":{"start":{"line":29,"column":8},"end":{"line":31,"column":9}},"4":{"start":{"line":30,"column":10},"end":{"line":30,"column":69}},"5":{"start":{"line":38,"column":0},"end":{"line":38,"column":29}}},"fnMap":{"0":{"name":"(anonymous_0)","decl":{"start":{"line":28,"column":6},"end":{"line":28,"column":7}},"loc":{"start":{"line":28,"column":26},"end":{"line":32,"column":7}},"line":28}},"branchMap":{"0":{"loc":{"start":{"line":29,"column":8},"end":{"line":31,"column":9}},"type":"if","locations":[{"start":{"line":29,"column":8},"end":{"line":31,"column":9}},{"start":{},"end":{}}],"line":29}},"s":{"0":1,"1":1,"2":1,"3":3,"4":0,"5":1},"f":{"0":3},"b":{"0":[0,3]},"_coverageSchema":"1a1c01bbd47fc00a2c39e90264f33305004495a9","hash":"75c060e1d3764a221992b38d3a466c6ace0cc3c2"}
,"C:\\Users\\Achmad Fachreza Az\\Desktop\\Work\\hacktiv8_gradexpert\\Final_PatientCare2\\models\\doctors.js": {"path":"C:\\Users\\Achmad Fachreza Az\\Desktop\\Work\\hacktiv8_gradexpert\\Final_PatientCare2\\models\\doctors.js","statementMap":{"0":{"start":{"line":1,"column":22},"end":{"line":1,"column":42}},"1":{"start":{"line":2,"column":18},"end":{"line":2,"column":35}},"2":{"start":{"line":4,"column":15},"end":{"line":60,"column":2}},"3":{"start":{"line":62,"column":0},"end":{"line":62,"column":24}}},"fnMap":{},"branchMap":{},"s":{"0":1,"1":1,"2":1,"3":1},"f":{},"b":{},"_coverageSchema":"1a1c01bbd47fc00a2c39e90264f33305004495a9","hash":"fc4c3bfb2878e971879201bb77e0cff2defe5db4"}
,"C:\\Users\\Achmad Fachreza Az\\Desktop\\Work\\hacktiv8_gradexpert\\Final_PatientCare2\\models\\users.js": {"path":"C:\\Users\\Achmad Fachreza Az\\Desktop\\Work\\hacktiv8_gradexpert\\Final_PatientCare2\\models\\users.js","statementMap":{"0":{"start":{"line":1,"column":22},"end":{"line":1,"column":42}},"1":{"start":{"line":2,"column":18},"end":{"line":2,"column":35}},"2":{"start":{"line":4,"column":13},"end":{"line":46,"column":2}},"3":{"start":{"line":40,"column":8},"end":{"line":42,"column":9}},"4":{"start":{"line":41,"column":10},"end":{"line":41,"column":51}},"5":{"start":{"line":48,"column":0},"end":{"line":48,"column":22}}},"fnMap":{"0":{"name":"(anonymous_0)","decl":{"start":{"line":39,"column":6},"end":{"line":39,"column":7}},"loc":{"start":{"line":39,"column":27},"end":{"line":43,"column":7}},"line":39}},"branchMap":{"0":{"loc":{"start":{"line":40,"column":8},"end":{"line":42,"column":9}},"type":"if","locations":[{"start":{"line":40,"column":8},"end":{"line":42,"column":9}},{"start":{},"end":{}}],"line":40},"1":{"loc":{"start":{"line":40,"column":12},"end":{"line":40,"column":49}},"type":"binary-expr","locations":[{"start":{"line":40,"column":12},"end":{"line":40,"column":17}},{"start":{"line":40,"column":21},"end":{"line":40,"column":49}}],"line":40}},"s":{"0":1,"1":1,"2":1,"3":0,"4":0,"5":1},"f":{"0":0},"b":{"0":[0,0],"1":[0,0]},"_coverageSchema":"1a1c01bbd47fc00a2c39e90264f33305004495a9","hash":"708f06c12e99603db24935ff99617a8290aa82c0"}
,"C:\\Users\\Achmad Fachreza Az\\Desktop\\Work\\hacktiv8_gradexpert\\Final_PatientCare2\\routes\\appointments.js": {"path":"C:\\Users\\Achmad Fachreza Az\\Desktop\\Work\\hacktiv8_gradexpert\\Final_PatientCare2\\routes\\appointments.js","statementMap":{"0":{"start":{"line":1,"column":16},"end":{"line":1,"column":34}},"1":{"start":{"line":2,"column":15},"end":{"line":2,"column":31}},"2":{"start":{"line":3,"column":26},"end":{"line":3,"column":54}},"3":{"start":{"line":4,"column":31},"end":{"line":4,"column":69}},"4":{"start":{"line":6,"column":0},"end":{"line":6,"column":79}},"5":{"start":{"line":7,"column":0},"end":{"line":8,"column":131}},"6":{"start":{"line":10,"column":0},"end":{"line":10,"column":24}}},"fnMap":{},"branchMap":{},"s":{"0":1,"1":1,"2":1,"3":1,"4":1,"5":1,"6":1},"f":{},"b":{},"_coverageSchema":"1a1c01bbd47fc00a2c39e90264f33305004495a9","hash":"c14450725b5ce3550c652d79f4dad0f4a4ed2bd8"}
,"C:\\Users\\Achmad Fachreza Az\\Desktop\\Work\\hacktiv8_gradexpert\\Final_PatientCare2\\routes\\doctors.js": {"path":"C:\\Users\\Achmad Fachreza Az\\Desktop\\Work\\hacktiv8_gradexpert\\Final_PatientCare2\\routes\\doctors.js","statementMap":{"0":{"start":{"line":1,"column":16},"end":{"line":1,"column":34}},"1":{"start":{"line":2,"column":15},"end":{"line":2,"column":31}},"2":{"start":{"line":3,"column":26},"end":{"line":3,"column":59}},"3":{"start":{"line":5,"column":0},"end":{"line":5,"column":49}},"4":{"start":{"line":6,"column":0},"end":{"line":6,"column":52}},"5":{"start":{"line":8,"column":0},"end":{"line":8,"column":24}}},"fnMap":{},"branchMap":{},"s":{"0":1,"1":1,"2":1,"3":1,"4":1,"5":1},"f":{},"b":{},"_coverageSchema":"1a1c01bbd47fc00a2c39e90264f33305004495a9","hash":"7e8b3865fbb0689a3ad46a39e25f118762159480"}
,"C:\\Users\\Achmad Fachreza Az\\Desktop\\Work\\hacktiv8_gradexpert\\Final_PatientCare2\\routes\\users.js": {"path":"C:\\Users\\Achmad Fachreza Az\\Desktop\\Work\\hacktiv8_gradexpert\\Final_PatientCare2\\routes\\users.js","statementMap":{"0":{"start":{"line":1,"column":16},"end":{"line":1,"column":34}},"1":{"start":{"line":2,"column":15},"end":{"line":2,"column":31}},"2":{"start":{"line":3,"column":24},"end":{"line":3,"column":55}},"3":{"start":{"line":5,"column":0},"end":{"line":5,"column":51}},"4":{"start":{"line":6,"column":0},"end":{"line":6,"column":45}},"5":{"start":{"line":8,"column":0},"end":{"line":8,"column":24}}},"fnMap":{},"branchMap":{},"s":{"0":1,"1":1,"2":1,"3":1,"4":1,"5":1},"f":{},"b":{},"_coverageSchema":"1a1c01bbd47fc00a2c39e90264f33305004495a9","hash":"c55db5d0a140bc9c404c997c67e2539fd850f4c6"}
}
