TN:
SF:app.js
FN:17,syncDatabase
FNF:1
FNH:1
FNDA:12,syncDatabase
DA:1,5
DA:2,5
DA:3,5
DA:4,5
DA:5,5
DA:6,5
DA:7,5
DA:8,5
DA:9,5
DA:11,5
DA:13,5
DA:14,5
DA:15,5
DA:18,12
DA:19,12
DA:20,11
DA:22,1
DA:26,5
DA:28,5
DA:33,5
DA:34,0
DA:35,0
LF:22
LH:20
BRDA:33,0,0,0
BRDA:33,0,1,5
BRDA:34,1,0,0
BRDA:34,1,1,0
BRF:4
BRH:1
end_of_record
TN:
SF:authmiddleware.js
FN:3,(anonymous_0)
FNF:1
FNH:1
FNDA:13,(anonymous_0)
DA:1,5
DA:3,5
DA:4,13
DA:6,13
DA:8,0
DA:11,13
DA:12,13
DA:13,0
DA:16,13
DA:17,13
DA:18,10
DA:19,10
DA:22,3
DA:25,5
LF:14
LH:12
BRDA:6,0,0,0
BRDA:6,0,1,13
BRDA:12,1,0,0
BRDA:12,1,1,13
BRF:4
BRH:2
end_of_record
TN:
SF:seq.js
FNF:0
FNH:0
DA:1,5
DA:3,5
DA:7,5
LF:3
LH:3
BRF:0
BRH:0
end_of_record
TN:
SF:controllers\appointments.js
FN:3,(anonymous_0)
FN:27,(anonymous_1)
FN:42,(anonymous_2)
FN:57,(anonymous_3)
FNF:4
FNH:4
FNDA:4,(anonymous_0)
FNDA:3,(anonymous_1)
FNDA:3,(anonymous_2)
FNDA:3,(anonymous_3)
DA:1,5
DA:3,5
DA:4,4
DA:5,4
DA:6,4
DA:12,1
DA:19,3
DA:20,2
DA:22,1
DA:27,5
DA:28,3
DA:29,3
DA:30,3
DA:31,2
DA:33,1
DA:35,1
DA:38,1
DA:42,5
DA:43,3
DA:44,3
DA:45,3
DA:46,2
DA:47,1
DA:49,1
DA:50,1
DA:52,1
DA:53,1
DA:57,5
DA:58,3
DA:59,3
DA:60,3
DA:61,2
DA:62,1
DA:64,1
DA:65,1
DA:72,1
DA:77,1
DA:78,1
LF:38
LH:38
BRDA:19,0,0,2
BRDA:19,0,1,1
BRDA:31,1,0,1
BRDA:31,1,1,1
BRDA:46,2,0,1
BRDA:46,2,1,1
BRDA:61,3,0,1
BRDA:61,3,1,1
BRF:8
BRH:8
end_of_record
TN:
SF:controllers\doctors.js
FN:6,(anonymous_0)
FN:47,(anonymous_1)
FNF:2
FNH:2
FNDA:5,(anonymous_0)
FNDA:3,(anonymous_1)
DA:1,5
DA:2,5
DA:6,5
DA:7,5
DA:8,5
DA:9,5
DA:10,5
DA:12,5
DA:13,5
DA:14,1
DA:17,5
DA:18,5
DA:19,1
DA:21,5
DA:22,1
DA:25,5
DA:32,4
DA:34,4
DA:40,4
DA:42,1
DA:43,1
DA:47,5
DA:48,3
DA:49,3
DA:50,3
DA:51,2
DA:52,1
DA:54,1
DA:56,1
LF:29
LH:29
BRDA:8,0,0,5
BRDA:8,0,1,4
BRDA:9,1,0,5
BRDA:9,1,1,4
BRDA:13,2,0,1
BRDA:13,2,1,4
BRDA:18,3,0,1
BRDA:18,3,1,4
BRDA:21,4,0,1
BRDA:21,4,1,4
BRDA:51,5,0,1
BRDA:51,5,1,1
BRF:12
BRH:12
end_of_record
TN:
SF:controllers\users.js
FN:6,(anonymous_0)
FN:35,(anonymous_1)
FNF:2
FNH:2
FNDA:3,(anonymous_0)
FNDA:4,(anonymous_1)
DA:1,5
DA:2,5
DA:3,5
DA:4,5
DA:6,5
DA:7,3
DA:8,3
DA:10,3
DA:11,2
DA:12,1
DA:15,1
DA:16,1
DA:18,1
DA:25,1
DA:31,1
DA:35,5
DA:36,4
DA:37,4
DA:39,4
DA:48,3
DA:49,1
DA:52,2
DA:53,2
DA:54,1
DA:58,1
DA:62,1
DA:64,1
DA:65,1
LF:28
LH:28
BRDA:11,0,0,1
BRDA:11,0,1,1
BRDA:48,1,0,1
BRDA:48,1,1,2
BRDA:53,2,0,1
BRDA:53,2,1,1
BRF:6
BRH:6
end_of_record
TN:
SF:models\appointments.js
FN:28,(anonymous_0)
FNF:1
FNH:1
FNDA:4,(anonymous_0)
DA:1,5
DA:2,5
DA:4,5
DA:29,4
DA:30,1
DA:38,5
LF:6
LH:6
BRDA:29,0,0,1
BRDA:29,0,1,3
BRF:2
BRH:2
end_of_record
TN:
SF:models\doctors.js
FNF:0
FNH:0
DA:1,5
DA:2,5
DA:4,5
DA:62,5
LF:4
LH:4
BRF:0
BRH:0
end_of_record
TN:
SF:models\users.js
FNF:0
FNH:0
DA:1,5
DA:2,5
DA:4,5
DA:41,5
LF:4
LH:4
BRF:0
BRH:0
end_of_record
TN:
SF:routes\appointments.js
FNF:0
FNH:0
DA:1,5
DA:2,5
DA:3,5
DA:4,5
DA:6,5
DA:7,5
DA:10,5
LF:7
LH:7
BRF:0
BRH:0
end_of_record
TN:
SF:routes\doctors.js
FNF:0
FNH:0
DA:1,5
DA:2,5
DA:3,5
DA:5,5
DA:6,5
DA:8,5
LF:6
LH:6
BRF:0
BRH:0
end_of_record
TN:
SF:routes\users.js
FNF:0
FNH:0
DA:1,5
DA:2,5
DA:3,5
DA:5,5
DA:6,5
DA:8,5
LF:6
LH:6
BRF:0
BRH:0
end_of_record
